Log started at 02.03.2022	20:40:06
Number of used processors (NPROC): 4.
Number of mesh partitions (NPART): 4.
Total Physical Memory = 7.88 Gb, Available Physical Memory = 2.72 Gb
Computer name:	DESKTOP-UEDQDQR
Operating system:	Windows 10 (or higher) (Version 10.0.19043)

SOLIDWORKS 2020 SP0.0
Flow Simulation 2020  x64 / 4708 / MESHER ver. efd_dev.4663_05.07.2019 

Project: C:\Users\BorisMa\Documents\GitHub\WeatherStation\3DModel\1\1.xmlconfig
Configuration name: 默认
Project name: 项目(1)
NGK: OFF
MBO: OFF

Mesh generation started:	2.3.2022	20:40:6
-----------------------------------------------------------------------
Mesher option run = eRunMesherNormal
-----------------------------------------------------------------------
Current CPU = 0 sec
-----------------------------------------------------------------------
Geometries initialization:
-----------------------------------------------------------------------
Loading mesh settings (global/local)...
-----------------------------------------------------------------------
Number of geometries from DB: 1
Geometry(0):
	Guid = {00000000-0000-0000-0000-000000000000}
	Fluid..
	1 Body.
	1 Real body.
	-- Bodyset 0 --
		Tolerance=2.82816e-05.
		347 Face(s).
			347 of b-spline type.
		0 Face(s) that have no ref faces
		347 Plane surface(s).
		1888 Triangle(s).
		Getting triangle connectivities from DB: 0.001 s
		1102 Edge(s).
			1102 of b-spline type.
		BodyGeom reading: 0.034 s.
		347 Reference Face(s).
		1888 Reference Triangles.
		Getting triangle connectivities from DB (Ref): 0.001 s
		BodyGeom Ref reading: 0.002 s.
		Getting triangle connectivities from DB (Extra Triangulation): 0.001 s
Geometry(1):
	Solid.
	-- Bodyset 1 --
	Empty
-----------------------------------------------------------------------
Number of geometries in task: 2
Number of bodysets   in task: 2
-----------------------------------------------------------------------
	Making hash and connectivity for Bodyset ...
		CBodyGeom:
		Hash size: {32, 32, 32}.
		Mesh size: {32, 32, 32}.
		Hashing triangles...Ok.
			axis(0) tr sizes: average=20 max=87
			axis(1) tr sizes: average=15 max=171
			axis(2) tr sizes: average=13 max=149
		Number of t-connected sets:1
			(0) size=1888
		Done.
		CBodyGeomRef:
		Hashing triangles...Ok.
			axis(0) tr sizes: average=20 max=86
			axis(1) tr sizes: average=15 max=166
			axis(2) tr sizes: average=13 max=149
		Done.
	0.0259 s.
Geometries reading and preparing has taken 0.068 s.

Mapped triangles:
Hashing geometries triangles
	Triangles num=1888
	Triangles box={-0.0115  ,0.1615  ,-0.016  ,0.15  ,-0.15  ,2.62054e-18  }
		3d-hash size is 154064 bytes
Hashing peculiar surfaces triangles
Mapped triangles processed in 0.018 s.
-----------------------------------------------------------------------
Getting sectors:
Number of sectors: 0
-----------------------------------------------------------------------
-----------------------------------------------------------------------

Current CPU = 0 sec

-----------------------------------------------------------------------
Mesh dimensions:
				I[0 ]=32
				I[1 ]=32
				I[2 ]=32

Comp. domain size:
				a[0  ]=-0.501055
				a[1  ]=0.651055
				a[2  ]=-0.505555
				a[3  ]=0.639555
				a[4  ]=-0.639555
				a[5  ]=0.489555

Fluid calculated			1
Solid calculated			0
-----------------------------------------------------------------------
MESH Build started...
-----------------------------------------------------------------------
Mesh LEVEL = 1
-----------------------------------------------------------------------
Setting regions...OK (0.001 s)
Base mesh info------------------
	2D flag  =0
	Period   =[0, 0, 0]
	Nx=32
		x[0]=-0.501055
		x[1]=-0.451093
		x[2]=-0.40355
		x[3]=-0.358295
		x[4]=-0.315216
		x[5]=-0.274211
		x[6]=-0.235178
		x[7]=-0.198023
		x[8]=-0.162655
		x[9]=-0.128989
		x[10]=-0.096943
		x[11]=-0.0664384
		x[12]=-0.0374014
		x[13]=-0.00976132
		x[14]=0.0184955
		x[15]=0.0467522
		x[16]=0.0750089
		x[17]=0.103266
		x[18]=0.131522
		x[19]=0.159779
		x[20]=0.187418
		x[21]=0.216454
		x[22]=0.246959
		x[23]=0.279005
		x[24]=0.312671
		x[25]=0.348039
		x[26]=0.385195
		x[27]=0.42423
		x[28]=0.465237
		x[29]=0.508317
		x[30]=0.553575
		x[31]=0.601121
		x[32]=0.651055
	Ny=32
		y[0]=-0.505555
		y[1]=-0.455529
		y[2]=-0.407936
		y[3]=-0.362645
		y[4]=-0.319546
		y[5]=-0.278531
		y[6]=-0.2395
		y[7]=-0.202357
		y[8]=-0.167011
		y[9]=-0.133375
		y[10]=-0.101366
		y[11]=-0.070905
		y[12]=-0.0419177
		y[13]=-0.0143325
		y[14]=0.0127807
		y[15]=0.039894
		y[16]=0.0670074
		y[17]=0.0941207
		y[18]=0.121234
		y[19]=0.148347
		y[20]=0.175934
		y[21]=0.204923
		y[22]=0.235386
		y[23]=0.267396
		y[24]=0.301034
		y[25]=0.336381
		y[26]=0.373525
		y[27]=0.412557
		y[28]=0.453573
		y[29]=0.496673
		y[30]=0.541964
		y[31]=0.589557
		y[32]=0.639555
	Nz=32
		z[0]=-0.639555
		z[1]=-0.589365
		z[2]=-0.541646
		z[3]=-0.496268
		z[4]=-0.453114
		z[5]=-0.412075
		z[6]=-0.373049
		z[7]=-0.335936
		z[8]=-0.300642
		z[9]=-0.267079
		z[10]=-0.235161
		z[11]=-0.204808
		z[12]=-0.175943
		z[13]=-0.148494
		z[14]=-0.123994
		z[15]=-0.0994944
		z[16]=-0.0749944
		z[17]=-0.0504944
		z[18]=-0.0259944
		z[19]=-0.00149436
		z[20]=0.025957
		z[21]=0.0548231
		z[22]=0.0851773
		z[23]=0.117096
		z[24]=0.150661
		z[25]=0.185955
		z[26]=0.223069
		z[27]=0.262096
		z[28]=0.303135
		z[29]=0.34629
		z[30]=0.391669
		z[31]=0.439388
		z[32]=0.489555
End of base mesh info---------
Input_mesh_settings--------------------------------
Settings 0----------------
	Scope: GLOBAL
	Type:	------MESHER_SETTINGS----------
	RefAllCells           =0
	RefFluidCells         =0
	RefPartCells          =0
	RefSolidCells         =0
	l_SSFR(Capture crit)  =1
	l_curv(Curvature crit)=0
	l_tol(Tolerance crit) =0
	UseChannelRef         =1
	  NCR_method          =0
	  l_NCR               =1
	  N_gap               =5
	  Use d_NCR_min       =0
	  Use d_NCR_max       =0
	IgnoreThinChannelsHeight         =0
	--END_OF_MESHER_SETTINGS-------
End of input mesh settings-------------------------

-----------------------------------------------------------------------
Building geometries:
-----------------------------------------------------------------------
Building body-set (0) of geometry Fluid.0.(0). ...

-----------------------------------------------------------------------
Refining by triangulation...
Refinement input: 32768 bricks
Setting regions...OK (0.001 s)
Refinement result: 33664 bricks (0.022 s)
Refinement input: 33664 bricks
Refinement result: 33664 bricks (0.013 s)
Collecting and processing rays...OK (0.066 s)
Capturing...OK (0.013 s)
Refining by triangulation takes 0.115 s
-----------------------------------------------------------------------

-----------------------------------------------------------------------
Refining peculiar surfaces...
0 surfaces refined
Refining peculiar surfaces takes 0 s
-----------------------------------------------------------------------
Collecting and processing rays...OK (0.001 s)
Capturing...OK (0.000 s)
Collecting and processing rays...OK (0.001 s)
Capturing...OK (0.000 s)
Collecting and processing rays...OK (0.001 s)
Capturing...OK (0.000 s)

-----------------------------------------------------------------------
Base mesh 1 Refining...
Refinement input: 33664 bricks
Refinement result: 33664 bricks (0.001 s)
Collecting and processing rays...OK (0.001 s)
Capturing...OK (0.000 s)
-----------------------------------------------------------------------
Refining channels...
FYI: CNarrowChannelRefiner::RefineChannels_PRLL
Refinement input: 33664 bricks
Setting regions...OK (0.000 s)
Refinement result: 33748 bricks (0.007 s)
Collecting and processing rays...OK (0.002 s)
Capturing...OK (0.002 s)
FYI: m_iteration_count = 0
FYI: level1 statistics:
     level1_cnt_plus[1]=96;		level1_cnt_minus[1]=0
     level1_cnt_plus[2]=0;		level1_cnt_minus[2]=0
     level1_cnt_plus[3]=0;		level1_cnt_minus[3]=0
     level1_cnt_plus[4]=0;		level1_cnt_minus[4]=0
     level1_cnt_plus[5]=0;		level1_cnt_minus[5]=0
     level1_cnt_plus[6]=0;		level1_cnt_minus[6]=0
     level1_cnt_plus[7]=0;		level1_cnt_minus[7]=0
     level1_cnt_plus[8]=0;		level1_cnt_minus[8]=0
     level1_cnt_plus[9]=0;		level1_cnt_minus[9]=0
FYI: m_iteration_count = 1
FYI: level1 statistics:
     level1_cnt_plus[1]=96;		level1_cnt_minus[1]=0
     level1_cnt_plus[2]=0;		level1_cnt_minus[2]=0
     level1_cnt_plus[3]=0;		level1_cnt_minus[3]=0
     level1_cnt_plus[4]=0;		level1_cnt_minus[4]=0
     level1_cnt_plus[5]=0;		level1_cnt_minus[5]=0
     level1_cnt_plus[6]=0;		level1_cnt_minus[6]=0
     level1_cnt_plus[7]=0;		level1_cnt_minus[7]=0
     level1_cnt_plus[8]=0;		level1_cnt_minus[8]=0
     level1_cnt_plus[9]=0;		level1_cnt_minus[9]=0
FYI: level1 statistics:
     level1_cnt_plus[1]=96;		level1_cnt_minus[1]=0
     level1_cnt_plus[2]=0;		level1_cnt_minus[2]=0
     level1_cnt_plus[3]=0;		level1_cnt_minus[3]=0
     level1_cnt_plus[4]=0;		level1_cnt_minus[4]=0
     level1_cnt_plus[5]=0;		level1_cnt_minus[5]=0
     level1_cnt_plus[6]=0;		level1_cnt_minus[6]=0
     level1_cnt_plus[7]=0;		level1_cnt_minus[7]=0
     level1_cnt_plus[8]=0;		level1_cnt_minus[8]=0
     level1_cnt_plus[9]=0;		level1_cnt_minus[9]=0

-----------------------------------------------------------------------
U-shapes refinement...
Refinement input: 33748 bricks
Refinement result: 33748 bricks (0.013 s)
Collecting and processing rays...OK (0.001 s)
Capturing...OK (0.000 s)
-----------------------------------------------------------------------

-----------------------------------------------------------------------
Equi Distant Refiner:
Equi Distant Refiner takes 0.00 s
-----------------------------------------------------------------------
Building geometry takes 0.242 s
Geometry Fluid.0.
Total		33748
Partial	400
Fluid		33348
Solid		0
Bad		0

/-Ray Intersection---------------/ Time	0.002 s
Calls			3615
CorrectRay Calls	0



-----------------------------------------------------------------------
Building geometries takes 0.246 s
-----------------------------------------------------------------------

-----------------------------------------------------------------------
PostBuilding geometries:
-----------------------------------------------------------------------
PostBuilding body-set (0) geometry Fluid.0. (0)...
Collecting and processing rays...OK (0.002 s)
Capturing...OK (0.000 s)
PostBuilding geometry takes 0.005 s
Geometry Fluid.0.
Total		33748
Partial	400
Fluid		33348
Solid		0
Bad		0

-----------------------------------------------------------------------
PostBuilding geometries takes 0.007 s
-----------------------------------------------------------------------
Defect ray count	0
FYI: CNarrowChannelRefiner::RedistributeLevel1_step_1: is finished
FYI: level1 statistics:
     level1_cnt_plus[1]=96;		level1_cnt_minus[1]=0
     level1_cnt_plus[2]=0;		level1_cnt_minus[2]=0
     level1_cnt_plus[3]=0;		level1_cnt_minus[3]=0
     level1_cnt_plus[4]=0;		level1_cnt_minus[4]=0
     level1_cnt_plus[5]=0;		level1_cnt_minus[5]=0
     level1_cnt_plus[6]=0;		level1_cnt_minus[6]=0
     level1_cnt_plus[7]=0;		level1_cnt_minus[7]=0
     level1_cnt_plus[8]=0;		level1_cnt_minus[8]=0
     level1_cnt_plus[9]=0;		level1_cnt_minus[9]=0
FYI: CNarrowChannelRefiner::RedistributeLevel1_step_2: is started
FYI: CNarrowChannelRefiner::RedistributeLevel1_step_2: is finished
FYI: level1 statistics:
     level1_cnt_plus[1]=164;		level1_cnt_minus[1]=0
     level1_cnt_plus[2]=0;		level1_cnt_minus[2]=0
     level1_cnt_plus[3]=0;		level1_cnt_minus[3]=0
     level1_cnt_plus[4]=0;		level1_cnt_minus[4]=0
     level1_cnt_plus[5]=0;		level1_cnt_minus[5]=0
     level1_cnt_plus[6]=0;		level1_cnt_minus[6]=0
     level1_cnt_plus[7]=0;		level1_cnt_minus[7]=0
     level1_cnt_plus[8]=0;		level1_cnt_minus[8]=0
     level1_cnt_plus[9]=0;		level1_cnt_minus[9]=0
FYI: CNarrowChannelRefiner::RedistributeLevel1_step_3: is started
FYI: CNarrowChannelRefiner::RedistributeLevel1_step_3: is finished
RedistributeLevel1 takes:
FYI: level1 statistics:
     level1_cnt_plus[1]=164;		level1_cnt_minus[1]=956
     level1_cnt_plus[2]=0;		level1_cnt_minus[2]=0
     level1_cnt_plus[3]=0;		level1_cnt_minus[3]=0
     level1_cnt_plus[4]=0;		level1_cnt_minus[4]=0
     level1_cnt_plus[5]=0;		level1_cnt_minus[5]=0
     level1_cnt_plus[6]=0;		level1_cnt_minus[6]=0
     level1_cnt_plus[7]=0;		level1_cnt_minus[7]=0
     level1_cnt_plus[8]=0;		level1_cnt_minus[8]=0
     level1_cnt_plus[9]=0;		level1_cnt_minus[9]=0
-----------------------------------------------------------------------
MSH format builder (Iteration 0)
-----------------------------------------------------------------------
Memory Working Set Current = 34.09 Mb, Memory Working Set Peak = 36.63 Mb
Process Threads Number: 13
-----------------------------------------------------------------------
Loading geometries triangulation & x-stacks...OK
x-stacks size = 0.07 Mb
Total bricks count: 33748
-----------------------------------------------------------------------
MSH (Real Geometry) format constructor:
	Getting brick sets...OK (0.003 s)
	Min x-stack xeps = 0.00134226
	D / dh / eps [axis=0] = (1.15211, 0.01382, 1.382e-05)
	D / dh / eps [axis=1] = (1.14511, 0.0135566, 1.35566e-05)
	D / dh / eps [axis=2] = (1.12911, 0.0122497, 1.22497e-05)
	Time (xeps): 0.001 s
Level 1
	Set (0)  size: 560
	Set (0)  time: 0.081 s
	Set (1)  size: 560
	Set (1)  time: 0.068 s
Level 0
	Set (0)  size: 16314
	Set (0)  time: 0.028 s
	Set (1)  size: 16314
	Set (1)  time: 0.021 s
Result:
	Bricks number:                        33748

	Memory usage:                         0.976 MB
	Memory usage (per brick):             0.030 KB
	Construction time:                    0.204 s

	Topology features:
	------------------
	- High quality bricks                  99.81 % (33684)
	- Medium quality bricks                 0.19 % (64)
	- Bad quality bricks                    0.00 % (0)
	- Ribs corrected bricks                 0.00 % (0)
	- Points with geom-info (bricks)        0.19 % (64)
	- Points with closest-info (bricks)     0.00 % (0)
	- Triangulated by center (bricks)       0.19 % (64)
	- Facet w-faces mergings (bricks)       0.00 % (0)
	- To refine (bricks)                    0.00 % (0)

-----------------------------------------------------------------------
Memory Working Set Current = 49.07 Mb, Memory Working Set Peak = 49.07 Mb
Process Threads Number: 13
-----------------------------------------------------------------------
-----------------------------------------------------------------------
-----------------------------------------------------------------------
MSH --> BCF format (Iteration 0)...
BCF collector...(remove mode=0)
	Time (alloc counter per brick): 0.001 s
	Brick    count: 33748
	Av.f all count: 34084
	Av.s all count: 892
	Av.f pid count: 1048
	Av.s pid count: 892
	Faces fs count: 3409
	Faces ff count: 0
	Faces ss count: 0
	Faces bb count: 0
	Faces fe count: 6144
	Faces se count: 0
	Faces fw count: 9553
	Faces af count: 99412
	Faces as count: 1935
	Time (all count): 	0.007 s
	Time (bcf alloc): 	0.003 s
	Time (shifts alloc): 	0.002 s
	Time (shifts init): 	0.002 s
	Time (bcf fill): 	0.021 s
	Time (add av to faces): 0.000 s
	Time (add faces to av): 0.010 s
Time (bcf collect): 		0.050 s
	AV checker...
	Time (check av): 	0.044 s
	Subdomain checker...
		Subdomains construction time: 0.010 s.
		Subdomains sort time: 0.000 s.
			Subdomain 0 (geom_ind=0): 34084 av
			Subdomain 1 (geom_ind=1): 892 av
		gi: 0, subdomains: 1, real bodies: 1
		gi: 1, subdomains: 1, real bodies: 0
		Defect subdomains: 0
	Time (check subdoms): 	0.012 s
Time (bcf iteration total): 	0.106 s
	Time (fw-nb): 		0.005 s
	Fixed mutual fw-nb:     3200 (bb: 0)
	Time (fw-nb mutual): 	0.002 s
	Time (fw-nb sort): 	0.001 s
	Fw-opt BEFORE total:    9553 (fs=3409, ff=0, ss=0)
	Fw-opt AFTER  total:    9224 (fs=3080, ff=0, ss=0, failed fw/br=10/0, big_curv=71, big_poly=0)
	Fw-opt RESULT:          329 (res/(fs+ff+ss) = 9.65 %)
	Time (fw-opt): 		0.003 s
	Time (fw-re-order): 	0.002 s
	Time (fw-nb): 		0.038 s
	Fixed mutual fw-nb:     18513 (bb: 0)
	Time (fw-nb mutual): 	0.004 s
	Time (fw-nb sort): 	0.001 s
	Time (rfd fix): 	0.000 s
	Time (av convexity): 	0.004 s
	Time (av small volume): 0.001 s
	Time (diagonal fw-nb): 	0.057 s
	Fixed mutual fw-nb:     0 (bb: 0)
	Time (fw-nb mutual): 	0.004 s
	Time (fw-nb sort): 	0.001 s
	Fluid subdomains: 1
	Faces fw-nb diff sd:    0
	Time (fw-nb diff sd): 	0.009 s
Time (bcf calc): 		0.138 s
-----------------------------------------------------------------------
Time (bcf total): 		0.245 s
-----------------------------------------------------------------------
-----------------------------------------------------------------------
Mega-cv constructor for fluid...
	 36 av's is treated as thin
Relative size generator (threshold = 0.05)...
	Iteration 1 (small cluster count = 24)
	Iteration 2 (small cluster count = 16)
	Iteration 3 (small cluster count = 8)
	Iteration 4 (small cluster count = 4)
	Iteration 5 (small cluster count = 2)
	Iteration 6 (small cluster count = 1)
	Iteration 7 (small cluster count = 0)
	 19 mega-cv's generated
	 1 mega-cv's removed
Relative size generator is completed OK (0.006 s)
Apply fa-rules to mega-cv clusters fixes...
	Fa-rule violation fixes:        6 of        6 (total cluster# =       18)
OK (0.000 s)
Convert clusters:
	 18 mega-cv's total
Mega-cv count: 18
Time (mega-cv fill): 	0.000 s
Time (mega-cv total): 	0.024 s
-----------------------------------------------------------------------
Mixing plane rotation regions: NO.
Sliding mesh rotation regions: NO.
Fluid/fluid faces: NO.
----------------------------------------------------------
BCF --> BCF.GEOMSUBDOM (bridge arrays):
MESH (0):
	Fluid Subdom Constructor: 1 subdom(s).
	Solid Subdom Constructor: 1 subdom(s).
	Net Asm Subdom Constructor: 0 subdom(s).
	GEOMSUBDOM (0): gi=0 fluid av=34084 cv=34066 fa=99412 fb=0 fw=9224 V=1.489360e+00
	Cache data...OK
	GEOMSUBDOM (1): gi=1 solid av=892 cv=892 fa=1935 fb=0 fw=3080 V=2.655518e-04
	Cache data...OK
	Setting nb of w-faces...OK (0.014 s).
	Correcting nb of w-faces...
	Time(correct_fw_nb)=0.007 s

MESH (0) checking:
	GEOMSUBDOM (0):fa_s=121.5230779742073253 fb_s=0.0000000000000000 fw_s=8.0948455343593864 fw_nb=78178
	              :d_const(4080)=8.10403e-13 d_linear(4080)=2.13444e-12
	GEOMSUBDOM (1):fa_s=0.0842786908909493 fb_s=0.0000000000000000 fw_s=0.2686365973383469 fw_nb=29050
	              :d_const(554)=1.5522e-11 d_linear(554)=2.52331e-11
MESH (0) checking: OK.
Time (MDS): 	0.151 s
----------------------------------------------------------

-----------------------------------------------------------------------
BCF CHECKSUM DATA (Mesh 0):

BRICK |Level1| Sum:               1120
FACE_A Area Sum:   G.Fluid        121.5230779742073963
FACE_A Area Sum:   G.Solid        0.0842786908909493
FACE_W Area Sum:                  8.0948455343593864
FACE_W Nb   Sum:                  78178
FACE_W min curvatures sum:        -0.00000000
FACE_W max curvatures sum:        0.00000000
AV Max Disbalance(Const) :        1.5522e-11 (cid=20813, t={25, 28, 38}, avid=34893, pid=809)
AV Max Disbalance(Linear):        2.52331e-11 (cid=20813, t={25, 28, 38}, avid=34893, pid=809)
-----------------------------------------------------------------------


-----------------------------------------------------------------------
MESHER TOPOLOGY DATA:

BRICKS: Total                 33748
BRICKS: 1-CV                  33036
BRICKS: 2-CV                  368
BRICKS: 3-CV                  196
BRICKS: 4-CV                  124
BRICKS: 5-CV                  24
BRICKS: Bad                   0

AV:     G.Total               34976
AV:     G.Fluid               34084
AV:     G.Solid               892

AV:     G.Fluid Thin Profile    0.53 % (180)
AV:     G.Solid Thin Profile   37.67 % (336)

AV:     G.Fluid Thin For Mega   0.11 % (36)
AV:     G.Solid Thin For Mega  19.51 % (174)

AV:     G.Fluid Non-Convex      1.42 % (483)
AV:     G.Solid Non-Convex     30.16 % (269)

AV:     G.Fluid Non-Ess-Convex      1.41 % (480)
AV:     G.Solid Non-Ess-Convex     30.16 % (269)

FACE_A: G.Fluid          (af) 99412 (partially opened 2390)
FACE_A: G.Solid          (as) 1935 (partially opened 1853)

FACE_B: G.Total          (b)  0

FACE_W: G.Total                 9224        Brick/Bound
FACE_W: G.Fluid/Solid    (fs_g) 3080        0           
FACE_W: G.Fluid/Fluid    (ff_g) 0           0           
FACE_W: G.Solid/Solid    (ss_g) 0           0           
FACE_W: G.Fluid/External (fe_g) 6144
FACE_W: G.Solid/External (se_g) 0

AV/CV max fa count (on brick side):4
AV/CV max fw count:                4
AV/CV max fb count:                0
AV/CV max fw poly count:           20

MEMORY: Total                   11.135 MB
MEMORY: Per Brick               0.338 KB
-----------------------------------------------------------------------

-----------------------------------------------------------------------
Connectivities information:
	Number of conns: 0
-----------------------------------------------------------------------
	Time (gap size): 	0.046 s
-----------------------------------------------------------------------
Calculating curvature and tolerance criteria...
Curvature: min=0 max=3.14159
Tolerance: min=0 max=0.0135567
Calculating curvature and tolerance criteria takes 0.027 s
-----------------------------------------------------------------------
MESH Build(FS) finished. Time=1.131 s
-----------------------------------------------------------------------
Current CPU = 1 sec

Nx=32
Ny=32
Nz=32
Max BRICK Level=1
Mesh Level=1
-----------------CModelBodies2MeshMapper::CollectData started -------------------------------
-----------------CModelBodies2MeshMapper Report -------------------------------
FluidDomains 1 SolidDomains 1 VoidDomains 0 
Domains RefIndexes
Domain 0, Index count 263
Domain 1, Index count 263
----------------- -------------------------------
	ModelBodies
Total resolved Bodies 0 BodySets 0

--------------------------------------------------------------------------
	Positive geometry Bodies
Total resolved Bodies 1 BodySets 1
BodySet 0
	Bodies list:
			#0	Name: ;	ID: 11778a0d-58fe-485a-ae64-ed0d51fbb602
	Domains list:		 0 

--------------------------------------------------------------------------
	Fluid regions
Total resolved Bodies 1 BodySets 1
BodySet 0	Material: 空气; 
	Bodies list:
			#0	Name: ;	ID: 11778a0d-58fe-485a-ae64-ed0d51fbb602
	Domains list:		 0 

--------------------------------------------------------------------------
-----------------CModelBodies2MeshMapper::CollectData finished successfully-------------------
Saving initial mesh in: C:\Users\BorisMa\Documents\GitHub\WeatherStation\3DModel\1\1.fld .
Storing results...
Estimated CPT size=4.220 MB.
	Time (write bcf): 0.222 s
OK
-----------------------------------------------------------------------
Memory Working Set Current = 68.91 Mb, Memory Working Set Peak = 68.91 Mb
Process Threads Number: 13
-----------------------------------------------------------------------
Cleaning memory...
		Time (free xsl):                    	0.000 s
Free Geometry DB takes 0.000 s
	Time (free bcf): 	0.009 s
		Time (free bcf mesh):               	0.024 s
	Time (free mesher data):              	0.025 s
Copying... OK
Mesh generation normally finished at	2.3.2022	20:40:8
Mesher CPU = 2 sec
Mesher is finished at	2.3.2022	20:40:8
-----------------------------------------------------------------------
Memory Working Set Current = 33.71 Mb, Memory Working Set Peak = 69.49 Mb
Process Threads Number: 13
-----------------------------------------------------------------------
Algebra Pool      : mem_usage = 0.88 Mb, allocated count = 0
Log ended at 02.03.2022	20:40:08
